#
# A fatal error has been detected by the Java Runtime Environment:
#
#  SIGSEGV (0xb) at pc=0x00007fdae602bf4d, pid=7655, tid=0x00007fdae67c4700
#
# JRE version: OpenJDK Runtime Environment (8.0_222-b10) (build 1.8.0_222-8u222-b10-1ubuntu1~16.04.1-b10)
# Java VM: OpenJDK 64-Bit Server VM (25.222-b10 mixed mode linux-amd64 compressed oops)
# Problematic frame:
# C  [libc.so.6+0x39f4d]
#
# Failed to write core dump. Core dumps have been disabled. To enable core dumping, try "ulimit -c unlimited" before starting Java again
#
# If you would like to submit a bug report, please visit:
#   http://bugreport.java.com/bugreport/crash.jsp
# The crash happened outside the Java Virtual Machine in native code.
# See problematic frame for where to report the bug.
#

---------------  T H R E A D  ---------------

Current thread (0x00007fdae0009000):  JavaThread "main" [_thread_in_native, id=7658, stack(0x00007fdae66c4000,0x00007fdae67c5000)]

siginfo: si_signo: 11 (SIGSEGV), si_code: 128 (SI_KERNEL), si_addr: 0x0000000000000000

Registers:
RAX=0x00007fdae0000077, RBX=0x0000000000000001, RCX=0x00107b35c9137ac0, RDX=0x000ffb5c00000f00
RSP=0x00007fdae67c2720, RBP=0x00007fdae63b65f8, RSI=0x0000000000000000, RDI=0x00007fd967d39b60
R8 =0x0000000000000000, R9 =0x00007fdae3e95600, R10=0x0000000000000130, R11=0x0000000000000005
R12=0x0000000000000001, R13=0x00007fd9c9136bd0, R14=0x0000000000000000, R15=0x00007fdab758ada0
RIP=0x00007fdae602bf4d, EFLAGS=0x0000000000010206, CSGSFS=0x002b000000000033, ERR=0x0000000000000000
  TRAPNO=0x000000000000000d

Top of Stack: (sp=0x00007fdae67c2720)
0x00007fdae67c2720:   0000000000000000 00007fdae033f350
0x00007fdae67c2730:   0000000000000000 00007fdae67c27d0
0x00007fdae67c2740:   00007fdae67c27c8 00007fdae602c045
0x00007fdae67c2750:   0000000000000072 00007fdab4d3cd98
0x00007fdae67c2760:   00007fdae033f350 00007fdab4d3a61d
0x00007fdae67c2770:   00007fdae033f350 00007fdab4d2bfd7
0x00007fdae67c2780:   00007fd9c89c45a0 0000000000000000
0x00007fdae67c2790:   00007fdae03591a0 00007fdab758ae05
0x00007fdae67c27a0:   00007fdae0359290 00007fdae0359290
0x00007fdae67c27b0:   000000007fffffff 00007fdab6615dc1
0x00007fdae67c27c0:   00007fdae00091e0 00007fdae03591a0
0x00007fdae67c27d0:   00007fdae0359290 00007fda00000001
0x00007fdae67c27e0:   00007fdae032fce0 00007fdae03591a0
0x00007fdae67c27f0:   00007fdae0359290 50f69f947940a800
0x00007fdae67c2800:   00007fdae67c2880 0000000000000001
0x00007fdae67c2810:   00007fdae67c2890 0000000000000000
0x00007fdae67c2820:   0000000705f062e0 00007fdae67c2880
0x00007fdae67c2830:   00007fdae0009000 00007fda712d0147
0x00007fdae67c2840:   0000000705ca1a90 00007fdad22af6c4
0x00007fdae67c2850:   0000000705ca1a90 00007fdae50df70d
0x00007fdae67c2860:   00007fdae0359290 0000000705c9fc00
0x00007fdae67c2870:   0000000000000009 00007fdae0359290
0x00007fdae67c2880:   0000000705c9fc00 00007fdad22ad6c4
0x00007fdae67c2890:   0000000707480dd0 00007fdad22afa7c
0x00007fdae67c28a0:   0000000000000001 00007fdae60ed759
0x00007fdae67c28b0:   0000000000000000 00007fda712b18c8
0x00007fdae67c28c0:   00007fdae67c2900 00007fdad22af344
0x00007fdae67c28d0:   0000000705ca1a90 00007fdae0359290
0x00007fdae67c28e0:   000000027fffffff 00007fdae1893700
0x00007fdae67c28f0:   0000000700000002 00007fdab661634e
0x00007fdae67c2900:   0000000000000009 0000000100000015
0x00007fdae67c2910:   0000000707480dd0 00007fdad87b4fe4 

Instructions: (pc=0x00007fdae602bf4d)
0x00007fdae602bf2d:   ed 74 50 49 8b 45 08 48 89 c2 48 c1 e2 05 48 85
0x00007fdae602bf3d:   c0 49 8d 4c 15 f0 74 2a 48 83 e8 01 49 89 45 08
0x00007fdae602bf4d:   48 8b 11 48 83 fa 03 0f 84 a6 00 00 00 48 83 fa
0x00007fdae602bf5d:   04 74 78 48 83 fa 02 74 4a 48 83 e9 20 48 85 c0 

Register to memory mapping:

RAX=0x00007fdae0000077 is an unknown value
RBX=0x0000000000000001 is an unknown value
RCX=0x00107b35c9137ac0 is an unknown value
RDX=0x000ffb5c00000f00 is an unknown value
RSP=0x00007fdae67c2720 is pointing into the stack for thread: 0x00007fdae0009000
RBP=0x00007fdae63b65f8: <offset 0x3c45f8> in /lib/x86_64-linux-gnu/libc.so.6 at 0x00007fdae5ff2000
RSI=0x0000000000000000 is an unknown value
RDI=0x00007fd967d39b60: <offset 0x2a9b60> in /usr/lib/x86_64-linux-gnu/libaspell.so.15 at 0x00007fd967a90000
R8 =0x0000000000000000 is an unknown value
R9 =0x00007fdae3e95600 is an unknown value
R10=0x0000000000000130 is an unknown value
R11=0x0000000000000005 is an unknown value
R12=0x0000000000000001 is an unknown value
R13=0x00007fd9c9136bd0 is an unknown value
R14=0x0000000000000000 is an unknown value
R15=0x00007fdab758ada0: <offset 0x57da0> in /usr/lib/x86_64-linux-gnu/libgdk-x11-2.0.so.0 at 0x00007fdab7533000


Stack: [0x00007fdae66c4000,0x00007fdae67c5000],  sp=0x00007fdae67c2720,  free space=1017k
Native frames: (J=compiled Java code, j=interpreted, Vv=VM code, C=native code)
C  [libc.so.6+0x39f4d]

Java frames: (J=compiled Java code, j=interpreted, Vv=VM code)
J 9675  org.eclipse.swt.internal.gtk.OS._g_main_context_check(JIJI)I (0 bytes) @ 0x00007fdad22af64a [0x00007fdad22af600+0x4a]
J 9674 C1 org.eclipse.swt.internal.gtk.OS.g_main_context_check(JIJI)I (37 bytes) @ 0x00007fdad22afa7c [0x00007fdad22af9c0+0xbc]
J 49944 C1 org.eclipse.swt.widgets.Display.sleep()Z (395 bytes) @ 0x00007fdad87b4fe4 [0x00007fdad87b3f00+0x10e4]
J 18660% C2 org.eclipse.e4.ui.internal.workbench.swt.PartRenderingEngine$4.run()V (669 bytes) @ 0x00007fdad2bcb548 [0x00007fdad2bcb2a0+0x2a8]
j  org.eclipse.core.databinding.observable.Realm.runWithDefault(Lorg/eclipse/core/databinding/observable/Realm;Ljava/lang/Runnable;)V+12
j  org.eclipse.e4.ui.internal.workbench.swt.PartRenderingEngine.run(Lorg/eclipse/e4/ui/model/application/MApplicationElement;Lorg/eclipse/e4/core/contexts/IEclipseContext;)Ljava/lang/Object;+57
j  org.eclipse.e4.ui.internal.workbench.E4Workbench.createAndRunUI(Lorg/eclipse/e4/ui/model/application/MApplicationElement;)V+20
j  org.eclipse.ui.internal.Workbench$5.run()V+436
j  org.eclipse.core.databinding.observable.Realm.runWithDefault(Lorg/eclipse/core/databinding/observable/Realm;Ljava/lang/Runnable;)V+12
j  org.eclipse.ui.internal.Workbench.createAndRunWorkbench(Lorg/eclipse/swt/widgets/Display;Lorg/eclipse/ui/application/WorkbenchAdvisor;)I+18
j  org.eclipse.ui.PlatformUI.createAndRunWorkbench(Lorg/eclipse/swt/widgets/Display;Lorg/eclipse/ui/application/WorkbenchAdvisor;)I+2
j  org.eclipse.ui.internal.ide.application.IDEApplication.start(Lorg/eclipse/equinox/app/IApplicationContext;)Ljava/lang/Object;+105
j  org.eclipse.equinox.internal.app.EclipseAppHandle.run(Ljava/lang/Object;)Ljava/lang/Object;+135
j  org.eclipse.core.runtime.internal.adaptor.EclipseAppLauncher.runApplication(Ljava/lang/Object;)Ljava/lang/Object;+85
j  org.eclipse.core.runtime.internal.adaptor.EclipseAppLauncher.start(Ljava/lang/Object;)Ljava/lang/Object;+82
j  org.eclipse.core.runtime.adaptor.EclipseStarter.run(Ljava/lang/Object;)Ljava/lang/Object;+105
j  org.eclipse.core.runtime.adaptor.EclipseStarter.run([Ljava/lang/String;Ljava/lang/Runnable;)Ljava/lang/Object;+132
v  ~StubRoutines::call_stub
j  sun.reflect.NativeMethodAccessorImpl.invoke0(Ljava/lang/reflect/Method;Ljava/lang/Object;[Ljava/lang/Object;)Ljava/lang/Object;+0
j  sun.reflect.NativeMethodAccessorImpl.invoke(Ljava/lang/Object;[Ljava/lang/Object;)Ljava/lang/Object;+100
j  sun.reflect.DelegatingMethodAccessorImpl.invoke(Ljava/lang/Object;[Ljava/lang/Object;)Ljava/lang/Object;+6
j  java.lang.reflect.Method.invoke(Ljava/lang/Object;[Ljava/lang/Object;)Ljava/lang/Object;+56
j  org.eclipse.equinox.launcher.Main.invokeFramework([Ljava/lang/String;[Ljava/net/URL;)V+265
j  org.eclipse.equinox.launcher.Main.basicRun([Ljava/lang/String;)V+160
j  org.eclipse.equinox.launcher.Main.run([Ljava/lang/String;)I+4
j  org.eclipse.equinox.launcher.Main.main([Ljava/lang/String;)V+10
v  ~StubRoutines::call_stub

---------------  P R O C E S S  ---------------

Java Threads: ( => current thread )
  0x00007fd958001000 JavaThread "XToolkt-Shutdown-Thread" [_thread_in_native, id=25221, stack(0x00007fda2800f000,0x00007fda28110000)]
  0x00007fda90004000 JavaThread "SIGTERM handler" daemon [_thread_blocked, id=24934, stack(0x00007fda407c1000,0x00007fda408c2000)]
  0x00007fda90003800 JavaThread "SIGHUP handler" daemon [_thread_blocked, id=24933, stack(0x00007fd9e2788000,0x00007fd9e2889000)]
  0x00007fda90001000 JavaThread "SIGTERM handler" daemon [_thread_blocked, id=24932, stack(0x00007fda72025000,0x00007fda72126000)]
  0x00007fda10ca7800 JavaThread "Worker-1502" [_thread_blocked, id=23927, stack(0x00007fd9f875d000,0x00007fd9f885e000)]
  0x00007fd9e805a000 JavaThread "Worker-1495" [_thread_blocked, id=8199, stack(0x00007fda28334000,0x00007fda28435000)]
  0x00007fd958019800 JavaThread "Worker-1494" [_thread_blocked, id=32497, stack(0x00007fd9f8873000,0x00007fd9f8974000)]
  0x00007fda240a6000 JavaThread "Worker-1491" [_thread_blocked, id=25979, stack(0x00007fda2b33a000,0x00007fda2b43b000)]
  0x00007fda3c001800 JavaThread "Worker-1488" [_thread_blocked, id=22404, stack(0x00007fd964075000,0x00007fd964176000)]
  0x00007fd9c9418000 JavaThread "org.eclipse.jface.text.reconciler.MonoReconciler" daemon [_thread_blocked, id=23793, stack(0x00007fda2b138000,0x00007fda2b239000)]
  0x00007fd9c9678000 JavaThread "org.eclipse.cdt.internal.ui.text.CReconciler" daemon [_thread_blocked, id=15722, stack(0x00007fd9e3eff000,0x00007fd9e4000000)]
  0x00007fd9c8f00800 JavaThread "Thread-6307" [_thread_blocked, id=15593, stack(0x00007fda2abb7000,0x00007fda2acb8000)]
  0x00007fdae0946800 JavaThread "org.eclipse.jface.text.reconciler.MonoReconciler" daemon [_thread_blocked, id=14964, stack(0x00007fda2b93e000,0x00007fda2ba3f000)]
  0x00007fd9c8d32000 JavaThread "org.eclipse.cdt.internal.ui.text.CReconciler" daemon [_thread_blocked, id=28730, stack(0x00007fda2b83d000,0x00007fda2b93e000)]
  0x00007fd9c864c000 JavaThread "org.eclipse.jface.text.reconciler.MonoReconciler" daemon [_thread_blocked, id=28263, stack(0x00007fda7002a000,0x00007fda7012b000)]
  0x00007fd960005000 JavaThread "Provisioning Event Dispatcher" daemon [_thread_blocked, id=13265, stack(0x00007fd957bfe000,0x00007fd957cff000)]
  0x00007fdae31f8000 JavaThread "org.eclipse.cdt.internal.ui.text.CReconciler" daemon [_thread_blocked, id=30999, stack(0x00007fda2aab6000,0x00007fda2abb7000)]
  0x00007fdae33ae000 JavaThread "AWT-XAWT" daemon [_thread_blocked, id=17559, stack(0x00007fda2b73c000,0x00007fda2b83d000)]
  0x00007fdae339f000 JavaThread "Java2D Disposer" daemon [_thread_blocked, id=17558, stack(0x00007fda2b43b000,0x00007fda2b53c000)]
  0x00007fda5000b800 JavaThread "[ThreadPool Manager] - Idle Thread" daemon [_thread_blocked, id=7745, stack(0x00007fda400a1000,0x00007fda401a2000)]
  0x00007fdae0223800 JavaThread "EventAdmin Async Event Dispatcher Thread" daemon [_thread_blocked, id=7697, stack(0x00007fda42af3000,0x00007fda42bf4000)]
  0x00007fdae16e7000 JavaThread "Bundle File Closer" daemon [_thread_blocked, id=7694, stack(0x00007fda640c1000,0x00007fda641c2000)]
  0x00007fdae1246000 JavaThread "EMF Reference Cleaner" daemon [_thread_blocked, id=7692, stack(0x00007fda729d2000,0x00007fda72ad3000)]
  0x00007fda58125800 JavaThread "Worker-JM" [_thread_blocked, id=7686, stack(0x00007fda72126000,0x00007fda72227000)]
  0x00007fda5804f000 JavaThread "[Timer] - Main Queue Handler" daemon [_thread_blocked, id=7685, stack(0x00007fda72427000,0x00007fda72528000)]
  0x00007fdae0757800 JavaThread "Start Level: Equinox Container: 07f4ea56-3803-4af4-8e0f-a9225de1ccca" daemon [_thread_blocked, id=7683, stack(0x00007fda72728000,0x00007fda72829000)]
  0x00007fdae075d800 JavaThread "Framework Event Dispatcher: org.eclipse.osgi.internal.framework.EquinoxEventPublisher@32f0fba8" daemon [_thread_blocked, id=7682, stack(0x00007fda72829000,0x00007fda7292a000)]
  0x00007fdae060f800 JavaThread "Active Thread: Equinox Container: 07f4ea56-3803-4af4-8e0f-a9225de1ccca" [_thread_blocked, id=7681, stack(0x00007fda72ad3000,0x00007fda72bd4000)]
  0x00007fdae0219000 JavaThread "Service Thread" daemon [_thread_blocked, id=7675, stack(0x00007fdab7afb000,0x00007fdab7bfc000)]
  0x00007fdae020d800 JavaThread "C1 CompilerThread3" daemon [_thread_blocked, id=7674, stack(0x00007fdab7bfc000,0x00007fdab7cfd000)]
  0x00007fdae020b800 JavaThread "C2 CompilerThread2" daemon [_thread_blocked, id=7673, stack(0x00007fdab7cfd000,0x00007fdab7dfe000)]
  0x00007fdae0209800 JavaThread "C2 CompilerThread1" daemon [_thread_blocked, id=7672, stack(0x00007fdab7dfe000,0x00007fdab7eff000)]
  0x00007fdae0207000 JavaThread "C2 CompilerThread0" daemon [_thread_blocked, id=7671, stack(0x00007fdab7eff000,0x00007fdab8000000)]
  0x00007fdae0205000 JavaThread "Signal Dispatcher" daemon [_thread_blocked, id=7670, stack(0x00007fdacc09c000,0x00007fdacc19d000)]
  0x00007fdae01d2000 JavaThread "Finalizer" daemon [_thread_blocked, id=7669, stack(0x00007fdacc572000,0x00007fdacc673000)]
  0x00007fdae01cf800 JavaThread "Reference Handler" daemon [_thread_blocked, id=7668, stack(0x00007fdacc673000,0x00007fdacc774000)]
=>0x00007fdae0009000 JavaThread "main" [_thread_in_native, id=7658, stack(0x00007fdae66c4000,0x00007fdae67c5000)]

Other Threads:
  0x00007fdae01c6000 